<?xml version="1.0" encoding="UTF-8"?>
<robot generator="Robot 4.1.3 (Python 3.10.0 on win32)" generated="20220211 13:30:21.016" rpa="false" schemaversion="2">
<suite id="s1" name="Pix" source="C:\Users\Jaque\PycharmProjects\Desafio-GravidadeZero-Starter\tests\pix.robot">
<test id="s1-t1" name="Cenario 1: Saldo">
<kw name="Start Session" library="base" type="SETUP">
<kw name="New Browser" library="Browser">
<arg>chromium</arg>
<arg>headless=False</arg>
<tag>BrowserControl</tag>
<tag>Setter</tag>
<doc>Create a new playwright Browser with specified options.</doc>
<msg timestamp="20220211 13:30:21.852" level="INFO">{"browser": "chromium", "headless": false, "handleSIGINT": true, "handleSIGTERM": true, "handleSIGHUP": true, "timeout": 30000.0, "devtools": false, "slowMo": 0.0, "tracesDir": "C:\\Users\\Jaque\\PycharmProjects\\Desafio-GravidadeZero-Starter\\logs\\browser\\traces\\fc6128c6-b8bb-4b04-af92-48d16bfa7fa6"}</msg>
<msg timestamp="20220211 13:30:24.986" level="INFO">Successfully created browser with options: {"browser":"chromium","headless":false,"handleSIGINT":true,"handleSIGTERM":true,"handleSIGHUP":true,"timeout":30000,"devtools":false,"slowMo":0,"tracesDir":"C:\\Users\\Jaque\\PycharmProjects\\Desafio-GravidadeZero-Starter\\logs\\browser\\traces\\fc6128c6-b8bb-4b04-af92-48d16bfa7fa6"}</msg>
<status status="PASS" starttime="20220211 13:30:21.852" endtime="20220211 13:30:24.986"/>
</kw>
<kw name="New Page" library="Browser">
<arg>${BASE_URL}</arg>
<tag>BrowserControl</tag>
<tag>Setter</tag>
<doc>Open a new Page.</doc>
<msg timestamp="20220211 13:30:25.527" level="INFO">Successfully initialized new page object and opened url: https://nbank.vercel.app/</msg>
<msg timestamp="20220211 13:30:25.527" level="INFO">No context was open. New context was automatically opened when this page is created.</msg>
<status status="PASS" starttime="20220211 13:30:24.986" endtime="20220211 13:30:25.527"/>
</kw>
<status status="PASS" starttime="20220211 13:30:21.851" endtime="20220211 13:30:25.527"/>
</kw>
<kw name="Quando acesso a home nBank" library="actions">
<kw name="Go To" library="Browser">
<arg>${BASE_URL}</arg>
<tag>BrowserControl</tag>
<tag>Setter</tag>
<doc>Navigates to the given ``url``.</doc>
<msg timestamp="20220211 13:30:25.650" level="INFO">Successfully opened URL https://nbank.vercel.app/</msg>
<status status="PASS" starttime="20220211 13:30:25.528" endtime="20220211 13:30:25.650"/>
</kw>
<kw name="Wait For Elements State" library="Browser">
<arg>css=.carousel-items</arg>
<arg>visible</arg>
<arg>5</arg>
<tag>PageContent</tag>
<tag>Wait</tag>
<doc>Waits for the element found by ``selector`` to satisfy state option.</doc>
<msg timestamp="20220211 13:30:25.670" level="INFO">Waited for Element with selector css=.carousel-items at state visible</msg>
<status status="PASS" starttime="20220211 13:30:25.650" endtime="20220211 13:30:25.670"/>
</kw>
<status status="PASS" starttime="20220211 13:30:25.527" endtime="20220211 13:30:25.671"/>
</kw>
<kw name="Entao devo ver meu saldo inicial de R$ &quot;1000&quot;" library="actions" sourcename="Entao devo ver meu saldo inicial de R$ &quot;${saldo}&quot;">
<kw name="Set Variable" library="BuiltIn">
<var>${element}</var>
<arg>css=.navbar-end a.navbar-item</arg>
<doc>Returns the given values which can then be assigned to a variables.</doc>
<msg timestamp="20220211 13:30:25.671" level="INFO">${element} = css=.navbar-end a.navbar-item</msg>
<status status="PASS" starttime="20220211 13:30:25.671" endtime="20220211 13:30:25.671"/>
</kw>
<kw name="Wait For Elements State" library="Browser">
<arg>${element}</arg>
<arg>visible</arg>
<arg>5</arg>
<tag>PageContent</tag>
<tag>Wait</tag>
<doc>Waits for the element found by ``selector`` to satisfy state option.</doc>
<msg timestamp="20220211 13:30:25.678" level="INFO">Waited for Element with selector css=.navbar-end a.navbar-item at state visible</msg>
<status status="PASS" starttime="20220211 13:30:25.671" endtime="20220211 13:30:25.678"/>
</kw>
<kw name="Get Text" library="Browser">
<arg>${element}</arg>
<arg>contains</arg>
<arg>${saldo}</arg>
<tag>Assertion</tag>
<tag>Getter</tag>
<tag>PageContent</tag>
<doc>Returns text attribute of the element found by ``selector``.</doc>
<status status="PASS" starttime="20220211 13:30:25.678" endtime="20220211 13:30:25.693"/>
</kw>
<status status="PASS" starttime="20220211 13:30:25.671" endtime="20220211 13:30:25.693"/>
</kw>
<kw name="End Session" library="base" type="TEARDOWN">
<kw name="Take Screenshot" library="Browser">
<tag>PageContent</tag>
<doc>Takes a screenshot of the current window or element and saves it to disk.</doc>
<msg timestamp="20220211 13:30:25.770" level="INFO" html="true">&lt;/td&gt;&lt;/tr&gt;&lt;tr&gt;&lt;td colspan="3"&gt;&lt;a href="browser/screenshot/robotframework-browser-screenshot-1.png"&gt;&lt;img src="browser/screenshot/robotframework-browser-screenshot-1.png" width="800px"&gt;&lt;/a&gt;</msg>
<status status="PASS" starttime="20220211 13:30:25.694" endtime="20220211 13:30:25.770"/>
</kw>
<status status="PASS" starttime="20220211 13:30:25.694" endtime="20220211 13:30:25.771"/>
</kw>
<tag>saldo</tag>
<status status="PASS" starttime="20220211 13:30:21.850" endtime="20220211 13:30:25.771"/>
</test>
<test id="s1-t2" name="Cenario 2: Fazer PIX">
<kw name="Start Session" library="base" type="SETUP">
<kw name="New Browser" library="Browser">
<arg>chromium</arg>
<arg>headless=False</arg>
<tag>BrowserControl</tag>
<tag>Setter</tag>
<doc>Create a new playwright Browser with specified options.</doc>
<msg timestamp="20220211 13:30:25.815" level="INFO">{"browser": "chromium", "headless": false, "handleSIGINT": true, "handleSIGTERM": true, "handleSIGHUP": true, "timeout": 30000.0, "devtools": false, "slowMo": 0.0, "tracesDir": "C:\\Users\\Jaque\\PycharmProjects\\Desafio-GravidadeZero-Starter\\logs\\browser\\traces\\868cf073-20df-4e7c-979d-ec6ab0ea78cf"}</msg>
<msg timestamp="20220211 13:30:28.971" level="INFO">Successfully created browser with options: {"browser":"chromium","headless":false,"handleSIGINT":true,"handleSIGTERM":true,"handleSIGHUP":true,"timeout":30000,"devtools":false,"slowMo":0,"tracesDir":"C:\\Users\\Jaque\\PycharmProjects\\Desafio-GravidadeZero-Starter\\logs\\browser\\traces\\868cf073-20df-4e7c-979d-ec6ab0ea78cf"}</msg>
<status status="PASS" starttime="20220211 13:30:25.815" endtime="20220211 13:30:28.971"/>
</kw>
<kw name="New Page" library="Browser">
<arg>${BASE_URL}</arg>
<tag>BrowserControl</tag>
<tag>Setter</tag>
<doc>Open a new Page.</doc>
<msg timestamp="20220211 13:30:29.408" level="INFO">Successfully initialized new page object and opened url: https://nbank.vercel.app/</msg>
<msg timestamp="20220211 13:30:29.408" level="INFO">No context was open. New context was automatically opened when this page is created.</msg>
<status status="PASS" starttime="20220211 13:30:28.971" endtime="20220211 13:30:29.408"/>
</kw>
<status status="PASS" starttime="20220211 13:30:25.815" endtime="20220211 13:30:29.408"/>
</kw>
<kw name="Factory Happy Pix" library="transacoes">
<var>${transacao}</var>
<msg timestamp="20220211 13:30:29.409" level="INFO">${transacao} = {'saldo': 1000, 'pix': 100, 'saldo_final': 900, 'banco': 'Nubank', 'chave_pix': 'teste'}</msg>
<status status="PASS" starttime="20220211 13:30:29.408" endtime="20220211 13:30:29.409"/>
</kw>
<kw name="Dado que meu saldo e de R$ &quot;${transacao}[saldo]&quot;" library="actions" sourcename="Dado que meu saldo e de R$ &quot;${saldo}&quot;">
<kw name="Run Keyword" library="BuiltIn">
<arg>Entao devo ver meu saldo inicial de R$ "${saldo}"</arg>
<doc>Executes the given keyword with the given arguments.</doc>
<kw name="Entao devo ver meu saldo inicial de R$ &quot;1000&quot;" library="actions" sourcename="Entao devo ver meu saldo inicial de R$ &quot;${saldo}&quot;">
<kw name="Set Variable" library="BuiltIn">
<var>${element}</var>
<arg>css=.navbar-end a.navbar-item</arg>
<doc>Returns the given values which can then be assigned to a variables.</doc>
<msg timestamp="20220211 13:30:29.410" level="INFO">${element} = css=.navbar-end a.navbar-item</msg>
<status status="PASS" starttime="20220211 13:30:29.410" endtime="20220211 13:30:29.410"/>
</kw>
<kw name="Wait For Elements State" library="Browser">
<arg>${element}</arg>
<arg>visible</arg>
<arg>5</arg>
<tag>PageContent</tag>
<tag>Wait</tag>
<doc>Waits for the element found by ``selector`` to satisfy state option.</doc>
<msg timestamp="20220211 13:30:29.424" level="INFO">Waited for Element with selector css=.navbar-end a.navbar-item at state visible</msg>
<status status="PASS" starttime="20220211 13:30:29.410" endtime="20220211 13:30:29.424"/>
</kw>
<kw name="Get Text" library="Browser">
<arg>${element}</arg>
<arg>contains</arg>
<arg>${saldo}</arg>
<tag>Assertion</tag>
<tag>Getter</tag>
<tag>PageContent</tag>
<doc>Returns text attribute of the element found by ``selector``.</doc>
<status status="PASS" starttime="20220211 13:30:29.425" endtime="20220211 13:30:29.437"/>
</kw>
<status status="PASS" starttime="20220211 13:30:29.409" endtime="20220211 13:30:29.437"/>
</kw>
<status status="PASS" starttime="20220211 13:30:29.409" endtime="20220211 13:30:29.437"/>
</kw>
<status status="PASS" starttime="20220211 13:30:29.409" endtime="20220211 13:30:29.437"/>
</kw>
<kw name="Quando faco um PIX no valor de R$ &quot;${transacao}&quot;" library="actions" sourcename="Quando faco um PIX no valor de R$ &quot;${transacao}&quot;">
<kw name="Click" library="Browser">
<arg>text=Fazer PIX</arg>
<tag>PageContent</tag>
<tag>Setter</tag>
<doc>Simulates mouse click on the element found by ``selector``.</doc>
<status status="PASS" starttime="20220211 13:30:29.438" endtime="20220211 13:30:29.545"/>
</kw>
<kw name="Wait For Elements State" library="Browser">
<arg>css=.modal-card-body img</arg>
<arg>visible</arg>
<arg>5</arg>
<tag>PageContent</tag>
<tag>Wait</tag>
<doc>Waits for the element found by ``selector`` to satisfy state option.</doc>
<msg timestamp="20220211 13:30:29.563" level="INFO">Waited for Element with selector css=.modal-card-body img at state visible</msg>
<status status="PASS" starttime="20220211 13:30:29.545" endtime="20220211 13:30:29.563"/>
</kw>
<kw name="Select Options By" library="Browser">
<arg>css=span.select select</arg>
<arg>text</arg>
<arg>${transacao}[banco]</arg>
<tag>PageContent</tag>
<tag>Setter</tag>
<doc>Selects options from select element found by ``selector``.</doc>
<status status="PASS" starttime="20220211 13:30:29.563" endtime="20220211 13:30:29.588"/>
</kw>
<kw name="Fill Text" library="Browser">
<arg>id=chave-pix</arg>
<arg>${transacao}[chave_pix]</arg>
<tag>PageContent</tag>
<tag>Setter</tag>
<doc>Clears and fills the given ``txt`` into the text field found by ``selector``.</doc>
<msg timestamp="20220211 13:30:29.588" level="INFO">Fills the text 'teste' in the given field.</msg>
<status status="PASS" starttime="20220211 13:30:29.588" endtime="20220211 13:30:29.608"/>
</kw>
<kw name="Fill Text" library="Browser">
<arg>id=valor</arg>
<arg>${transacao}[pix]</arg>
<tag>PageContent</tag>
<tag>Setter</tag>
<doc>Clears and fills the given ``txt`` into the text field found by ``selector``.</doc>
<msg timestamp="20220211 13:30:29.608" level="INFO">Fills the text '100' in the given field.</msg>
<status status="PASS" starttime="20220211 13:30:29.608" endtime="20220211 13:30:29.624"/>
</kw>
<kw name="Click" library="Browser">
<arg>text=Enviar PIX</arg>
<tag>PageContent</tag>
<tag>Setter</tag>
<doc>Simulates mouse click on the element found by ``selector``.</doc>
<status status="PASS" starttime="20220211 13:30:29.624" endtime="20220211 13:30:29.720"/>
</kw>
<status status="PASS" starttime="20220211 13:30:29.437" endtime="20220211 13:30:29.720"/>
</kw>
<kw name="Entao meu saldo final deve ser de R$ &quot;${transacao}[saldo_final]&quot;" library="actions" sourcename="Entao meu saldo final deve ser de R$ &quot;${saldo-final}&quot;">
<kw name="Run Keyword" library="BuiltIn">
<arg>Entao devo ver meu saldo inicial de R$ "${saldo-final}"</arg>
<doc>Executes the given keyword with the given arguments.</doc>
<kw name="Entao devo ver meu saldo inicial de R$ &quot;900&quot;" library="actions" sourcename="Entao devo ver meu saldo inicial de R$ &quot;${saldo}&quot;">
<kw name="Set Variable" library="BuiltIn">
<var>${element}</var>
<arg>css=.navbar-end a.navbar-item</arg>
<doc>Returns the given values which can then be assigned to a variables.</doc>
<msg timestamp="20220211 13:30:29.722" level="INFO">${element} = css=.navbar-end a.navbar-item</msg>
<status status="PASS" starttime="20220211 13:30:29.721" endtime="20220211 13:30:29.722"/>
</kw>
<kw name="Wait For Elements State" library="Browser">
<arg>${element}</arg>
<arg>visible</arg>
<arg>5</arg>
<tag>PageContent</tag>
<tag>Wait</tag>
<doc>Waits for the element found by ``selector`` to satisfy state option.</doc>
<msg timestamp="20220211 13:30:29.727" level="INFO">Waited for Element with selector css=.navbar-end a.navbar-item at state visible</msg>
<status status="PASS" starttime="20220211 13:30:29.722" endtime="20220211 13:30:29.727"/>
</kw>
<kw name="Get Text" library="Browser">
<arg>${element}</arg>
<arg>contains</arg>
<arg>${saldo}</arg>
<tag>Assertion</tag>
<tag>Getter</tag>
<tag>PageContent</tag>
<doc>Returns text attribute of the element found by ``selector``.</doc>
<status status="PASS" starttime="20220211 13:30:29.727" endtime="20220211 13:30:29.738"/>
</kw>
<status status="PASS" starttime="20220211 13:30:29.721" endtime="20220211 13:30:29.738"/>
</kw>
<status status="PASS" starttime="20220211 13:30:29.721" endtime="20220211 13:30:29.738"/>
</kw>
<status status="PASS" starttime="20220211 13:30:29.721" endtime="20220211 13:30:29.738"/>
</kw>
<kw name="E a transacao em questao e adicionada no meu Extrato" library="actions">
<arg>${transacao}</arg>
<kw name="Get Current Date" library="DateTime">
<var>${date}</var>
<arg>result_format=%d/%m/%Y</arg>
<doc>Returns current local or UTC time with an optional increment.</doc>
<msg timestamp="20220211 13:30:29.739" level="INFO">${date} = 11/02/2022</msg>
<status status="PASS" starttime="20220211 13:30:29.738" endtime="20220211 13:30:29.739"/>
</kw>
<kw name="Convert To String" library="BuiltIn">
<var>${pix}</var>
<arg>${transacao}[pix]</arg>
<doc>Converts the given item to a Unicode string.</doc>
<msg timestamp="20220211 13:30:29.739" level="INFO">${pix} = 100</msg>
<status status="PASS" starttime="20220211 13:30:29.739" endtime="20220211 13:30:29.739"/>
</kw>
<kw name="Set Variable" library="BuiltIn">
<var>${element}</var>
<arg>xpath=//td[contains(text(), "Envio de PIX")]/..</arg>
<doc>Returns the given values which can then be assigned to a variables.</doc>
<msg timestamp="20220211 13:30:29.739" level="INFO">${element} = xpath=//td[contains(text(), "Envio de PIX")]/..</msg>
<status status="PASS" starttime="20220211 13:30:29.739" endtime="20220211 13:30:29.739"/>
</kw>
<kw name="Wait For Elements State" library="Browser">
<arg>${element}</arg>
<arg>visible</arg>
<arg>5</arg>
<tag>PageContent</tag>
<tag>Wait</tag>
<doc>Waits for the element found by ``selector`` to satisfy state option.</doc>
<msg timestamp="20220211 13:30:29.745" level="INFO">Waited for Element with selector xpath=//td[contains(text(), "Envio de PIX")]/.. at state visible</msg>
<status status="PASS" starttime="20220211 13:30:29.739" endtime="20220211 13:30:29.745"/>
</kw>
<kw name="Get Text" library="Browser">
<arg>${element}</arg>
<arg>contains</arg>
<arg>${transacao}[banco]</arg>
<tag>Assertion</tag>
<tag>Getter</tag>
<tag>PageContent</tag>
<doc>Returns text attribute of the element found by ``selector``.</doc>
<status status="PASS" starttime="20220211 13:30:29.745" endtime="20220211 13:30:29.756"/>
</kw>
<kw name="Get Text" library="Browser">
<arg>${element}</arg>
<arg>contains</arg>
<arg>${date}</arg>
<tag>Assertion</tag>
<tag>Getter</tag>
<tag>PageContent</tag>
<doc>Returns text attribute of the element found by ``selector``.</doc>
<status status="PASS" starttime="20220211 13:30:29.756" endtime="20220211 13:30:29.765"/>
</kw>
<kw name="Get Text" library="Browser">
<arg>${element}</arg>
<arg>contains</arg>
<arg>${pix}</arg>
<tag>Assertion</tag>
<tag>Getter</tag>
<tag>PageContent</tag>
<doc>Returns text attribute of the element found by ``selector``.</doc>
<status status="PASS" starttime="20220211 13:30:29.765" endtime="20220211 13:30:29.774"/>
</kw>
<status status="PASS" starttime="20220211 13:30:29.738" endtime="20220211 13:30:29.775"/>
</kw>
<kw name="End Session" library="base" type="TEARDOWN">
<kw name="Take Screenshot" library="Browser">
<tag>PageContent</tag>
<doc>Takes a screenshot of the current window or element and saves it to disk.</doc>
<msg timestamp="20220211 13:30:29.859" level="INFO" html="true">&lt;/td&gt;&lt;/tr&gt;&lt;tr&gt;&lt;td colspan="3"&gt;&lt;a href="browser/screenshot/robotframework-browser-screenshot-2.png"&gt;&lt;img src="browser/screenshot/robotframework-browser-screenshot-2.png" width="800px"&gt;&lt;/a&gt;</msg>
<status status="PASS" starttime="20220211 13:30:29.775" endtime="20220211 13:30:29.859"/>
</kw>
<status status="PASS" starttime="20220211 13:30:29.775" endtime="20220211 13:30:29.860"/>
</kw>
<tag>happy-pix</tag>
<status status="PASS" starttime="20220211 13:30:25.812" endtime="20220211 13:30:29.860"/>
</test>
<test id="s1-t3" name="Cenario 3: PIX com valor ZERO">
<kw name="Start Session" library="base" type="SETUP">
<kw name="New Browser" library="Browser">
<arg>chromium</arg>
<arg>headless=False</arg>
<tag>BrowserControl</tag>
<tag>Setter</tag>
<doc>Create a new playwright Browser with specified options.</doc>
<msg timestamp="20220211 13:30:29.903" level="INFO">{"browser": "chromium", "headless": false, "handleSIGINT": true, "handleSIGTERM": true, "handleSIGHUP": true, "timeout": 30000.0, "devtools": false, "slowMo": 0.0, "tracesDir": "C:\\Users\\Jaque\\PycharmProjects\\Desafio-GravidadeZero-Starter\\logs\\browser\\traces\\6abb27e1-4f6a-45b9-82d9-54747fa14f97"}</msg>
<msg timestamp="20220211 13:30:33.071" level="INFO">Successfully created browser with options: {"browser":"chromium","headless":false,"handleSIGINT":true,"handleSIGTERM":true,"handleSIGHUP":true,"timeout":30000,"devtools":false,"slowMo":0,"tracesDir":"C:\\Users\\Jaque\\PycharmProjects\\Desafio-GravidadeZero-Starter\\logs\\browser\\traces\\6abb27e1-4f6a-45b9-82d9-54747fa14f97"}</msg>
<status status="PASS" starttime="20220211 13:30:29.902" endtime="20220211 13:30:33.072"/>
</kw>
<kw name="New Page" library="Browser">
<arg>${BASE_URL}</arg>
<tag>BrowserControl</tag>
<tag>Setter</tag>
<doc>Open a new Page.</doc>
<msg timestamp="20220211 13:30:33.565" level="INFO">Successfully initialized new page object and opened url: https://nbank.vercel.app/</msg>
<msg timestamp="20220211 13:30:33.565" level="INFO">No context was open. New context was automatically opened when this page is created.</msg>
<status status="PASS" starttime="20220211 13:30:33.072" endtime="20220211 13:30:33.566"/>
</kw>
<status status="PASS" starttime="20220211 13:30:29.902" endtime="20220211 13:30:33.566"/>
</kw>
<kw name="Factory Pix Zero" library="transacoes">
<var>${transacao}</var>
<msg timestamp="20220211 13:30:33.566" level="INFO">${transacao} = {'saldo': 1000, 'pix': 0, 'mensagem_erro': 'Oops. Transferir ZERO é osso hein...', 'banco': 'Nubank', 'chave_pix': 'teste'}</msg>
<status status="PASS" starttime="20220211 13:30:33.566" endtime="20220211 13:30:33.566"/>
</kw>
<kw name="Dado que meu saldo e de R$ &quot;${transacao}[saldo]&quot;" library="actions" sourcename="Dado que meu saldo e de R$ &quot;${saldo}&quot;">
<kw name="Run Keyword" library="BuiltIn">
<arg>Entao devo ver meu saldo inicial de R$ "${saldo}"</arg>
<doc>Executes the given keyword with the given arguments.</doc>
<kw name="Entao devo ver meu saldo inicial de R$ &quot;1000&quot;" library="actions" sourcename="Entao devo ver meu saldo inicial de R$ &quot;${saldo}&quot;">
<kw name="Set Variable" library="BuiltIn">
<var>${element}</var>
<arg>css=.navbar-end a.navbar-item</arg>
<doc>Returns the given values which can then be assigned to a variables.</doc>
<msg timestamp="20220211 13:30:33.567" level="INFO">${element} = css=.navbar-end a.navbar-item</msg>
<status status="PASS" starttime="20220211 13:30:33.567" endtime="20220211 13:30:33.567"/>
</kw>
<kw name="Wait For Elements State" library="Browser">
<arg>${element}</arg>
<arg>visible</arg>
<arg>5</arg>
<tag>PageContent</tag>
<tag>Wait</tag>
<doc>Waits for the element found by ``selector`` to satisfy state option.</doc>
<msg timestamp="20220211 13:30:33.582" level="INFO">Waited for Element with selector css=.navbar-end a.navbar-item at state visible</msg>
<status status="PASS" starttime="20220211 13:30:33.567" endtime="20220211 13:30:33.582"/>
</kw>
<kw name="Get Text" library="Browser">
<arg>${element}</arg>
<arg>contains</arg>
<arg>${saldo}</arg>
<tag>Assertion</tag>
<tag>Getter</tag>
<tag>PageContent</tag>
<doc>Returns text attribute of the element found by ``selector``.</doc>
<status status="PASS" starttime="20220211 13:30:33.583" endtime="20220211 13:30:33.597"/>
</kw>
<status status="PASS" starttime="20220211 13:30:33.567" endtime="20220211 13:30:33.597"/>
</kw>
<status status="PASS" starttime="20220211 13:30:33.567" endtime="20220211 13:30:33.597"/>
</kw>
<status status="PASS" starttime="20220211 13:30:33.566" endtime="20220211 13:30:33.598"/>
</kw>
<kw name="Quando faco um PIX no valor de R$ &quot;${transacao}&quot;" library="actions" sourcename="Quando faco um PIX no valor de R$ &quot;${transacao}&quot;">
<kw name="Click" library="Browser">
<arg>text=Fazer PIX</arg>
<tag>PageContent</tag>
<tag>Setter</tag>
<doc>Simulates mouse click on the element found by ``selector``.</doc>
<status status="PASS" starttime="20220211 13:30:33.598" endtime="20220211 13:30:33.698"/>
</kw>
<kw name="Wait For Elements State" library="Browser">
<arg>css=.modal-card-body img</arg>
<arg>visible</arg>
<arg>5</arg>
<tag>PageContent</tag>
<tag>Wait</tag>
<doc>Waits for the element found by ``selector`` to satisfy state option.</doc>
<msg timestamp="20220211 13:30:33.821" level="INFO">Waited for Element with selector css=.modal-card-body img at state visible</msg>
<status status="PASS" starttime="20220211 13:30:33.698" endtime="20220211 13:30:33.821"/>
</kw>
<kw name="Select Options By" library="Browser">
<arg>css=span.select select</arg>
<arg>text</arg>
<arg>${transacao}[banco]</arg>
<tag>PageContent</tag>
<tag>Setter</tag>
<doc>Selects options from select element found by ``selector``.</doc>
<status status="PASS" starttime="20220211 13:30:33.821" endtime="20220211 13:30:33.856"/>
</kw>
<kw name="Fill Text" library="Browser">
<arg>id=chave-pix</arg>
<arg>${transacao}[chave_pix]</arg>
<tag>PageContent</tag>
<tag>Setter</tag>
<doc>Clears and fills the given ``txt`` into the text field found by ``selector``.</doc>
<msg timestamp="20220211 13:30:33.857" level="INFO">Fills the text 'teste' in the given field.</msg>
<status status="PASS" starttime="20220211 13:30:33.856" endtime="20220211 13:30:33.875"/>
</kw>
<kw name="Fill Text" library="Browser">
<arg>id=valor</arg>
<arg>${transacao}[pix]</arg>
<tag>PageContent</tag>
<tag>Setter</tag>
<doc>Clears and fills the given ``txt`` into the text field found by ``selector``.</doc>
<msg timestamp="20220211 13:30:33.875" level="INFO">Fills the text '0' in the given field.</msg>
<status status="PASS" starttime="20220211 13:30:33.875" endtime="20220211 13:30:33.892"/>
</kw>
<kw name="Click" library="Browser">
<arg>text=Enviar PIX</arg>
<tag>PageContent</tag>
<tag>Setter</tag>
<doc>Simulates mouse click on the element found by ``selector``.</doc>
<status status="PASS" starttime="20220211 13:30:33.892" endtime="20220211 13:30:33.918"/>
</kw>
<status status="PASS" starttime="20220211 13:30:33.598" endtime="20220211 13:30:33.918"/>
</kw>
<kw name="Entao vejo a mensgem de alerta &quot;${transacao}[mensagem_erro]&quot;" library="actions" sourcename="Entao vejo a mensgem de alerta &quot;${mensagem_esperada}&quot;">
<kw name="Set Variable" library="BuiltIn">
<var>${element}</var>
<arg>css=div.media-content</arg>
<doc>Returns the given values which can then be assigned to a variables.</doc>
<msg timestamp="20220211 13:30:33.918" level="INFO">${element} = css=div.media-content</msg>
<status status="PASS" starttime="20220211 13:30:33.918" endtime="20220211 13:30:33.918"/>
</kw>
<kw name="Wait For Elements State" library="Browser">
<arg>${element}</arg>
<arg>visible</arg>
<arg>5</arg>
<tag>PageContent</tag>
<tag>Wait</tag>
<doc>Waits for the element found by ``selector`` to satisfy state option.</doc>
<msg timestamp="20220211 13:30:33.923" level="INFO">Waited for Element with selector css=div.media-content at state visible</msg>
<status status="PASS" starttime="20220211 13:30:33.919" endtime="20220211 13:30:33.923"/>
</kw>
<kw name="Get Text" library="Browser">
<arg>${element}</arg>
<arg>equal</arg>
<arg>${mensagem_esperada}</arg>
<tag>Assertion</tag>
<tag>Getter</tag>
<tag>PageContent</tag>
<doc>Returns text attribute of the element found by ``selector``.</doc>
<status status="PASS" starttime="20220211 13:30:33.924" endtime="20220211 13:30:33.933"/>
</kw>
<status status="PASS" starttime="20220211 13:30:33.918" endtime="20220211 13:30:33.933"/>
</kw>
<kw name="End Session" library="base" type="TEARDOWN">
<kw name="Take Screenshot" library="Browser">
<tag>PageContent</tag>
<doc>Takes a screenshot of the current window or element and saves it to disk.</doc>
<msg timestamp="20220211 13:30:34.001" level="INFO" html="true">&lt;/td&gt;&lt;/tr&gt;&lt;tr&gt;&lt;td colspan="3"&gt;&lt;a href="browser/screenshot/robotframework-browser-screenshot-3.png"&gt;&lt;img src="browser/screenshot/robotframework-browser-screenshot-3.png" width="800px"&gt;&lt;/a&gt;</msg>
<status status="PASS" starttime="20220211 13:30:33.934" endtime="20220211 13:30:34.001"/>
</kw>
<status status="PASS" starttime="20220211 13:30:33.933" endtime="20220211 13:30:34.001"/>
</kw>
<tag>pix-zero</tag>
<status status="PASS" starttime="20220211 13:30:29.899" endtime="20220211 13:30:34.002"/>
</test>
<test id="s1-t4" name="Cenario 4: PIX com valor NEGATIVO">
<kw name="Start Session" library="base" type="SETUP">
<kw name="New Browser" library="Browser">
<arg>chromium</arg>
<arg>headless=False</arg>
<tag>BrowserControl</tag>
<tag>Setter</tag>
<doc>Create a new playwright Browser with specified options.</doc>
<msg timestamp="20220211 13:30:34.040" level="INFO">{"browser": "chromium", "headless": false, "handleSIGINT": true, "handleSIGTERM": true, "handleSIGHUP": true, "timeout": 30000.0, "devtools": false, "slowMo": 0.0, "tracesDir": "C:\\Users\\Jaque\\PycharmProjects\\Desafio-GravidadeZero-Starter\\logs\\browser\\traces\\7d74b54d-1c1e-4f00-8a02-72b261b36f03"}</msg>
<msg timestamp="20220211 13:30:37.256" level="INFO">Successfully created browser with options: {"browser":"chromium","headless":false,"handleSIGINT":true,"handleSIGTERM":true,"handleSIGHUP":true,"timeout":30000,"devtools":false,"slowMo":0,"tracesDir":"C:\\Users\\Jaque\\PycharmProjects\\Desafio-GravidadeZero-Starter\\logs\\browser\\traces\\7d74b54d-1c1e-4f00-8a02-72b261b36f03"}</msg>
<status status="PASS" starttime="20220211 13:30:34.040" endtime="20220211 13:30:37.256"/>
</kw>
<kw name="New Page" library="Browser">
<arg>${BASE_URL}</arg>
<tag>BrowserControl</tag>
<tag>Setter</tag>
<doc>Open a new Page.</doc>
<msg timestamp="20220211 13:30:37.773" level="INFO">Successfully initialized new page object and opened url: https://nbank.vercel.app/</msg>
<msg timestamp="20220211 13:30:37.773" level="INFO">No context was open. New context was automatically opened when this page is created.</msg>
<status status="PASS" starttime="20220211 13:30:37.256" endtime="20220211 13:30:37.773"/>
</kw>
<status status="PASS" starttime="20220211 13:30:34.039" endtime="20220211 13:30:37.773"/>
</kw>
<kw name="Factory Pix Negativo" library="transacoes">
<var>${transacao}</var>
<msg timestamp="20220211 13:30:37.773" level="INFO">${transacao} = {'saldo': 1000, 'pix': -1, 'mensagem_erro': 'Oops. Valor para PIX incorreto...', 'banco': 'Nubank', 'chave_pix': 'teste'}</msg>
<status status="PASS" starttime="20220211 13:30:37.773" endtime="20220211 13:30:37.773"/>
</kw>
<kw name="Dado que meu saldo e de R$ &quot;${transacao}[saldo]&quot;" library="actions" sourcename="Dado que meu saldo e de R$ &quot;${saldo}&quot;">
<kw name="Run Keyword" library="BuiltIn">
<arg>Entao devo ver meu saldo inicial de R$ "${saldo}"</arg>
<doc>Executes the given keyword with the given arguments.</doc>
<kw name="Entao devo ver meu saldo inicial de R$ &quot;1000&quot;" library="actions" sourcename="Entao devo ver meu saldo inicial de R$ &quot;${saldo}&quot;">
<kw name="Set Variable" library="BuiltIn">
<var>${element}</var>
<arg>css=.navbar-end a.navbar-item</arg>
<doc>Returns the given values which can then be assigned to a variables.</doc>
<msg timestamp="20220211 13:30:37.774" level="INFO">${element} = css=.navbar-end a.navbar-item</msg>
<status status="PASS" starttime="20220211 13:30:37.774" endtime="20220211 13:30:37.775"/>
</kw>
<kw name="Wait For Elements State" library="Browser">
<arg>${element}</arg>
<arg>visible</arg>
<arg>5</arg>
<tag>PageContent</tag>
<tag>Wait</tag>
<doc>Waits for the element found by ``selector`` to satisfy state option.</doc>
<msg timestamp="20220211 13:30:37.791" level="INFO">Waited for Element with selector css=.navbar-end a.navbar-item at state visible</msg>
<status status="PASS" starttime="20220211 13:30:37.775" endtime="20220211 13:30:37.791"/>
</kw>
<kw name="Get Text" library="Browser">
<arg>${element}</arg>
<arg>contains</arg>
<arg>${saldo}</arg>
<tag>Assertion</tag>
<tag>Getter</tag>
<tag>PageContent</tag>
<doc>Returns text attribute of the element found by ``selector``.</doc>
<status status="PASS" starttime="20220211 13:30:37.791" endtime="20220211 13:30:37.803"/>
</kw>
<status status="PASS" starttime="20220211 13:30:37.774" endtime="20220211 13:30:37.803"/>
</kw>
<status status="PASS" starttime="20220211 13:30:37.774" endtime="20220211 13:30:37.803"/>
</kw>
<status status="PASS" starttime="20220211 13:30:37.774" endtime="20220211 13:30:37.803"/>
</kw>
<kw name="Quando faco um PIX no valor de R$ &quot;${transacao}&quot;" library="actions" sourcename="Quando faco um PIX no valor de R$ &quot;${transacao}&quot;">
<kw name="Click" library="Browser">
<arg>text=Fazer PIX</arg>
<tag>PageContent</tag>
<tag>Setter</tag>
<doc>Simulates mouse click on the element found by ``selector``.</doc>
<status status="PASS" starttime="20220211 13:30:37.804" endtime="20220211 13:30:37.918"/>
</kw>
<kw name="Wait For Elements State" library="Browser">
<arg>css=.modal-card-body img</arg>
<arg>visible</arg>
<arg>5</arg>
<tag>PageContent</tag>
<tag>Wait</tag>
<doc>Waits for the element found by ``selector`` to satisfy state option.</doc>
<msg timestamp="20220211 13:30:38.040" level="INFO">Waited for Element with selector css=.modal-card-body img at state visible</msg>
<status status="PASS" starttime="20220211 13:30:37.918" endtime="20220211 13:30:38.040"/>
</kw>
<kw name="Select Options By" library="Browser">
<arg>css=span.select select</arg>
<arg>text</arg>
<arg>${transacao}[banco]</arg>
<tag>PageContent</tag>
<tag>Setter</tag>
<doc>Selects options from select element found by ``selector``.</doc>
<status status="PASS" starttime="20220211 13:30:38.040" endtime="20220211 13:30:38.074"/>
</kw>
<kw name="Fill Text" library="Browser">
<arg>id=chave-pix</arg>
<arg>${transacao}[chave_pix]</arg>
<tag>PageContent</tag>
<tag>Setter</tag>
<doc>Clears and fills the given ``txt`` into the text field found by ``selector``.</doc>
<msg timestamp="20220211 13:30:38.075" level="INFO">Fills the text 'teste' in the given field.</msg>
<status status="PASS" starttime="20220211 13:30:38.074" endtime="20220211 13:30:38.094"/>
</kw>
<kw name="Fill Text" library="Browser">
<arg>id=valor</arg>
<arg>${transacao}[pix]</arg>
<tag>PageContent</tag>
<tag>Setter</tag>
<doc>Clears and fills the given ``txt`` into the text field found by ``selector``.</doc>
<msg timestamp="20220211 13:30:38.095" level="INFO">Fills the text '-1' in the given field.</msg>
<status status="PASS" starttime="20220211 13:30:38.094" endtime="20220211 13:30:38.112"/>
</kw>
<kw name="Click" library="Browser">
<arg>text=Enviar PIX</arg>
<tag>PageContent</tag>
<tag>Setter</tag>
<doc>Simulates mouse click on the element found by ``selector``.</doc>
<status status="PASS" starttime="20220211 13:30:38.112" endtime="20220211 13:30:38.136"/>
</kw>
<status status="PASS" starttime="20220211 13:30:37.803" endtime="20220211 13:30:38.136"/>
</kw>
<kw name="Entao vejo a mensgem de alerta &quot;${transacao}[mensagem_erro]&quot;" library="actions" sourcename="Entao vejo a mensgem de alerta &quot;${mensagem_esperada}&quot;">
<kw name="Set Variable" library="BuiltIn">
<var>${element}</var>
<arg>css=div.media-content</arg>
<doc>Returns the given values which can then be assigned to a variables.</doc>
<msg timestamp="20220211 13:30:38.137" level="INFO">${element} = css=div.media-content</msg>
<status status="PASS" starttime="20220211 13:30:38.136" endtime="20220211 13:30:38.137"/>
</kw>
<kw name="Wait For Elements State" library="Browser">
<arg>${element}</arg>
<arg>visible</arg>
<arg>5</arg>
<tag>PageContent</tag>
<tag>Wait</tag>
<doc>Waits for the element found by ``selector`` to satisfy state option.</doc>
<msg timestamp="20220211 13:30:38.141" level="INFO">Waited for Element with selector css=div.media-content at state visible</msg>
<status status="PASS" starttime="20220211 13:30:38.137" endtime="20220211 13:30:38.141"/>
</kw>
<kw name="Get Text" library="Browser">
<arg>${element}</arg>
<arg>equal</arg>
<arg>${mensagem_esperada}</arg>
<tag>Assertion</tag>
<tag>Getter</tag>
<tag>PageContent</tag>
<doc>Returns text attribute of the element found by ``selector``.</doc>
<msg timestamp="20220211 13:30:39.224" level="INFO" html="true">&lt;/td&gt;&lt;/tr&gt;&lt;tr&gt;&lt;td colspan="3"&gt;&lt;a href="browser/screenshot/fail-screenshot-1.png"&gt;&lt;img src="browser/screenshot/fail-screenshot-1.png" width="800px"&gt;&lt;/a&gt;</msg>
<msg timestamp="20220211 13:30:39.226" level="FAIL">Text 'Oops. Transferir ZERO é osso hein...' (str) should be 'Oops. Valor para PIX incorreto...' (str)</msg>
<status status="FAIL" starttime="20220211 13:30:38.142" endtime="20220211 13:30:39.226"/>
</kw>
<status status="FAIL" starttime="20220211 13:30:38.136" endtime="20220211 13:30:39.227"/>
</kw>
<kw name="End Session" library="base" type="TEARDOWN">
<kw name="Take Screenshot" library="Browser">
<tag>PageContent</tag>
<doc>Takes a screenshot of the current window or element and saves it to disk.</doc>
<msg timestamp="20220211 13:30:39.298" level="INFO" html="true">&lt;/td&gt;&lt;/tr&gt;&lt;tr&gt;&lt;td colspan="3"&gt;&lt;a href="browser/screenshot/robotframework-browser-screenshot-4.png"&gt;&lt;img src="browser/screenshot/robotframework-browser-screenshot-4.png" width="800px"&gt;&lt;/a&gt;</msg>
<status status="PASS" starttime="20220211 13:30:39.228" endtime="20220211 13:30:39.298"/>
</kw>
<status status="PASS" starttime="20220211 13:30:39.227" endtime="20220211 13:30:39.298"/>
</kw>
<tag>pix-negativo</tag>
<status status="FAIL" starttime="20220211 13:30:34.037" endtime="20220211 13:30:39.299">Text 'Oops. Transferir ZERO é osso hein...' (str) should be 'Oops. Valor para PIX incorreto...' (str)</status>
</test>
<doc>Cenários de teste do PIX no nBank</doc>
<status status="FAIL" starttime="20220211 13:30:21.018" endtime="20220211 13:30:39.338"/>
</suite>
<statistics>
<total>
<stat pass="3" fail="1" skip="0">All Tests</stat>
</total>
<tag>
<stat pass="1" fail="0" skip="0">happy-pix</stat>
<stat pass="0" fail="1" skip="0">pix-negativo</stat>
<stat pass="1" fail="0" skip="0">pix-zero</stat>
<stat pass="1" fail="0" skip="0">saldo</stat>
</tag>
<suite>
<stat pass="3" fail="1" skip="0" id="s1" name="Pix">Pix</stat>
</suite>
</statistics>
<errors>
</errors>
</robot>
